<?xml version="1.0" encoding="UTF-8"?>
<testng-results ignored="0" total="2" passed="2" failed="0" skipped="0">
  <reporter-output>
  </reporter-output>
  <suite started-at="2024-08-27T18:41:50 IST" name="Suite" finished-at="2024-08-27T18:41:58 IST" duration-ms="7903">
    <groups>
    </groups>
    <test started-at="2024-08-27T18:41:50 IST" name="ChromeBrowserTest" finished-at="2024-08-27T18:41:53 IST" duration-ms="3601">
      <class name="com.egle.testCases.Login01_TC">
        <test-method is-config="true" signature="setUp(java.lang.String)[pri:0, instance:com.egle.testCases.Login01_TC@75f95314]" started-at="2024-08-27T18:41:50 IST" name="setUp" finished-at="2024-08-27T18:41:53 IST" duration-ms="2791" status="PASS">
          <params>
            <param index="0">
              <value>
                <![CDATA[chrome]]>
              </value>
            </param>
          </params>
          <reporter-output>
          </reporter-output>
        </test-method> <!-- setUp -->
        <test-method signature="verifyLoginFuncationality()[pri:0, instance:com.egle.testCases.Login01_TC@75f95314]" started-at="2024-08-27T18:41:53 IST" name="verifyLoginFuncationality" finished-at="2024-08-27T18:41:53 IST" duration-ms="490" status="PASS">
          <reporter-output>
          </reporter-output>
        </test-method> <!-- verifyLoginFuncationality -->
        <test-method is-config="true" signature="tearDown()[pri:0, instance:com.egle.testCases.Login01_TC@75f95314]" started-at="2024-08-27T18:41:53 IST" name="tearDown" finished-at="2024-08-27T18:41:53 IST" duration-ms="117" status="PASS">
          <reporter-output>
          </reporter-output>
        </test-method> <!-- tearDown -->
      </class> <!-- com.egle.testCases.Login01_TC -->
    </test> <!-- ChromeBrowserTest -->
    <test started-at="2024-08-27T18:41:50 IST" name="firefoxBrowserTest" finished-at="2024-08-27T18:41:58 IST" duration-ms="7903">
      <class name="com.egle.testCases.Login01_TC">
        <test-method is-config="true" signature="setUp(java.lang.String)[pri:0, instance:com.egle.testCases.Login01_TC@7d64e326]" started-at="2024-08-27T18:41:50 IST" name="setUp" finished-at="2024-08-27T18:41:56 IST" duration-ms="6117" status="PASS">
          <params>
            <param index="0">
              <value>
                <![CDATA[Firefox]]>
              </value>
            </param>
          </params>
          <reporter-output>
          </reporter-output>
        </test-method> <!-- setUp -->
        <test-method signature="verifyLoginFuncationality()[pri:0, instance:com.egle.testCases.Login01_TC@7d64e326]" started-at="2024-08-27T18:41:56 IST" name="verifyLoginFuncationality" finished-at="2024-08-27T18:41:57 IST" duration-ms="521" status="PASS">
          <reporter-output>
          </reporter-output>
        </test-method> <!-- verifyLoginFuncationality -->
        <test-method is-config="true" signature="tearDown()[pri:0, instance:com.egle.testCases.Login01_TC@7d64e326]" started-at="2024-08-27T18:41:57 IST" name="tearDown" finished-at="2024-08-27T18:41:58 IST" duration-ms="1199" status="PASS">
          <reporter-output>
          </reporter-output>
        </test-method> <!-- tearDown -->
      </class> <!-- com.egle.testCases.Login01_TC -->
    </test> <!-- firefoxBrowserTest -->
  </suite> <!-- Suite -->
</testng-results>
